<?xml version="1.0" encoding="UTF-8"?>
<!-- Generated by org.testng.reporters.JUnitXMLReporter -->
<testsuite hostname="Expert" failures="0" tests="4" name="Default test" time="100.393" errors="0" timestamp="6 Apr 2020 06:57:50 GMT">
  <testcase classname="AdminPageTest" name="verify_adminPage_tittle_Test" time="0.031"/>
  <testcase classname="AdminPageTest" name="Get_EMP_List" time="33.15"/>
  <testcase classname="AdminPageTest" name="verify_PIM_Test" time="0.334"/>
  <testcase classname="AdminPageTest" name="add_Employee_Test" time="0.616"/>
</testsuite> <!-- Default test -->
