<?xml version="1.0" encoding="UTF-8"?>
<testng-results total="4" passed="4" failed="0" skipped="0">
  <reporter-output>
  </reporter-output>
  <suite started-at="2020-04-06T06:56:10Z" name="Default suite" finished-at="2020-04-06T06:57:50Z" duration-ms="100393">
    <groups>
    </groups>
    <test started-at="2020-04-06T06:56:10Z" name="Default test" finished-at="2020-04-06T06:57:50Z" duration-ms="100393">
      <class name="AdminPageTest">
        <test-method is-config="true" signature="Setup()[pri:0, instance:AdminPageTest@11d8ae8b]" started-at="2020-04-05T23:56:10Z" name="Setup" finished-at="2020-04-05T23:56:37Z" duration-ms="26768" status="PASS">
          <reporter-output>
          </reporter-output>
        </test-method> <!-- Setup -->
        <test-method signature="verify_adminPage_tittle_Test()[pri:1, instance:AdminPageTest@11d8ae8b]" started-at="2020-04-05T23:56:37Z" name="verify_adminPage_tittle_Test" finished-at="2020-04-05T23:56:37Z" duration-ms="31" status="PASS">
          <reporter-output>
          </reporter-output>
        </test-method> <!-- verify_adminPage_tittle_Test -->
        <test-method is-config="true" signature="tearDown()[pri:0, instance:AdminPageTest@11d8ae8b]" started-at="2020-04-05T23:56:37Z" name="tearDown" finished-at="2020-04-05T23:56:38Z" duration-ms="1152" status="PASS">
          <reporter-output>
          </reporter-output>
        </test-method> <!-- tearDown -->
        <test-method is-config="true" signature="Setup()[pri:0, instance:AdminPageTest@11d8ae8b]" started-at="2020-04-05T23:56:38Z" name="Setup" finished-at="2020-04-05T23:56:51Z" duration-ms="13541" status="PASS">
          <reporter-output>
          </reporter-output>
        </test-method> <!-- Setup -->
        <test-method signature="Get_EMP_List()[pri:2, instance:AdminPageTest@11d8ae8b]" started-at="2020-04-05T23:56:51Z" name="Get_EMP_List" finished-at="2020-04-05T23:57:25Z" duration-ms="33150" status="PASS">
          <reporter-output>
          </reporter-output>
        </test-method> <!-- Get_EMP_List -->
        <test-method is-config="true" signature="tearDown()[pri:0, instance:AdminPageTest@11d8ae8b]" started-at="2020-04-05T23:57:25Z" name="tearDown" finished-at="2020-04-05T23:57:26Z" duration-ms="1009" status="PASS">
          <reporter-output>
          </reporter-output>
        </test-method> <!-- tearDown -->
        <test-method is-config="true" signature="Setup()[pri:0, instance:AdminPageTest@11d8ae8b]" started-at="2020-04-05T23:57:26Z" name="Setup" finished-at="2020-04-05T23:57:38Z" duration-ms="12119" status="PASS">
          <reporter-output>
          </reporter-output>
        </test-method> <!-- Setup -->
        <test-method signature="verify_PIM_Test()[pri:3, instance:AdminPageTest@11d8ae8b]" started-at="2020-04-05T23:57:38Z" name="verify_PIM_Test" finished-at="2020-04-05T23:57:38Z" duration-ms="334" status="PASS">
          <reporter-output>
          </reporter-output>
        </test-method> <!-- verify_PIM_Test -->
        <test-method is-config="true" signature="tearDown()[pri:0, instance:AdminPageTest@11d8ae8b]" started-at="2020-04-05T23:57:38Z" name="tearDown" finished-at="2020-04-05T23:57:39Z" duration-ms="1019" status="PASS">
          <reporter-output>
          </reporter-output>
        </test-method> <!-- tearDown -->
        <test-method is-config="true" signature="Setup()[pri:0, instance:AdminPageTest@11d8ae8b]" started-at="2020-04-05T23:57:39Z" name="Setup" finished-at="2020-04-05T23:57:49Z" duration-ms="9872" status="PASS">
          <reporter-output>
          </reporter-output>
        </test-method> <!-- Setup -->
        <test-method signature="add_Employee_Test()[pri:4, instance:AdminPageTest@11d8ae8b]" started-at="2020-04-05T23:57:49Z" name="add_Employee_Test" finished-at="2020-04-05T23:57:50Z" duration-ms="616" status="PASS">
          <reporter-output>
          </reporter-output>
        </test-method> <!-- add_Employee_Test -->
        <test-method is-config="true" signature="tearDown()[pri:0, instance:AdminPageTest@11d8ae8b]" started-at="2020-04-05T23:57:50Z" name="tearDown" finished-at="2020-04-05T23:57:50Z" duration-ms="714" status="PASS">
          <reporter-output>
          </reporter-output>
        </test-method> <!-- tearDown -->
      </class> <!-- AdminPageTest -->
    </test> <!-- Default test -->
  </suite> <!-- Default suite -->
</testng-results>
